Log file open, 05/03/17 10:53:24
LogInit:Display: Running engine for game: ubisoft
LogPlatformFile: Not using cached read wrapper
LogInit:Display: RandInit(651121427) SRandInit(651121427).
LogTaskGraph: Started task graph with 5 named threads and 8 total threads with 1 sets of task threads.
LogStats: Stats thread started at 0.063390
LogInit: Using libcurl 7.47.1
LogInit:  - built for x86_64-pc-win32
LogInit:  - supports SSL with OpenSSL/1.0.2g
LogInit:  - supports HTTP deflate (compression) using libz 1.2.8
LogInit:  - other features:
LogInit:      CURL_VERSION_SSL
LogInit:      CURL_VERSION_LIBZ
LogInit:      CURL_VERSION_IPV6
LogInit:      CURL_VERSION_ASYNCHDNS
LogInit:      CURL_VERSION_LARGEFILE
LogInit:      CURL_VERSION_IDN
LogInit:  CurlRequestOptions (configurable via config and command line):
LogInit:  - bVerifyPeer = false  - Libcurl will NOT verify peer certificate
LogInit:  - bUseHttpProxy = false  - Libcurl will NOT use HTTP proxy
LogInit:  - bDontReuseConnections = false  - Libcurl will reuse connections
LogInit:  - CertBundlePath = nullptr  - Libcurl will use whatever was configured at build time.
LogInit: Build: ++UE4+Release-4.15-CL-3299760
LogInit: Engine Version: 4.15.0-3299760+++UE4+Release-4.15
LogInit: Compatible Engine Version: 4.15.0-3299760+++UE4+Release-4.15
LogInit: Net CL: 3299760
LogDevObjectVersion: Number of dev versions registered: 14
LogDevObjectVersion:   Dev-Blueprints (B0D832E4-1F89-4F0D-ACCF-7EB736FD4AA2): 8
LogDevObjectVersion:   Dev-Build (E1C64328-A22C-4D53-A36C-8E866417BD8C): 0
LogDevObjectVersion:   Dev-Core (375EC13C-06E4-48FB-B500-84F0262A717E): 2
LogDevObjectVersion:   Dev-Editor (E4B068ED-F494-42E9-A231-DA0B2E46BB41): 14
LogDevObjectVersion:   Dev-Framework (CFFC743F-43B0-4480-9391-14DF171D2073): 22
LogDevObjectVersion:   Dev-Mobile (B02B49B5-BB20-44E9-A304-32B752E40360): 0
LogDevObjectVersion:   Dev-Networking (A4E4105C-59A1-49B5-A7C5-40C4547EDFEE): 0
LogDevObjectVersion:   Dev-Online (39C831C9-5AE6-47DC-9A44-9C173E1C8E7C): 0
LogDevObjectVersion:   Dev-Physics (78F01B33-EBEA-4F98-B9B4-84EACCB95AA2): 0
LogDevObjectVersion:   Dev-Platform (6631380F-2D4D-43E0-8009-CF276956A95A): 0
LogDevObjectVersion:   Dev-Rendering (12F88B9F-8875-4AFC-A67C-D90C383ABD29): 12
LogDevObjectVersion:   Dev-Sequencer (7B5AE74C-D270-4C10-A958-57980B212A5A): 3
LogDevObjectVersion:   Dev-VR (D7296918-1DD6-4BDD-9DE2-64A83CC13884): 0
LogDevObjectVersion:   Dev-LoadTimes (C2A15278-BFE7-4AFE-6C17-90FF531DF755): 1
LogInit: Compiled (64-bit): Feb 14 2017 02:04:14
LogInit: Compiled with Visual C++: 19.00.23026.00
LogInit: Build Configuration: Development
LogInit: Branch Name: ++UE4+Release-4.15
LogInit: Command line:  
LogInit: Base directory: H:/programs/UE_4.15/Engine/Binaries/Win64/
LogInit: Installed Engine Build: 1
LogInit: Presizing for max 8388607 objects, including 0 objects not considered by GC, pre-allocating 0 bytes for permanent pool.
LogInit: Object subsystem initialized
[2017.05.03-09.53.25:422][  0]LogInit: Selected Device Profile: [Windows]
[2017.05.03-09.53.25:422][  0]LogInit: Applying CVar settings loaded from the selected device profile: [Windows]
[2017.05.03-09.53.25:431][  0]LogInit: Computer: AIDAN-PC
[2017.05.03-09.53.25:431][  0]LogInit: User: aidan
[2017.05.03-09.53.25:431][  0]LogInit: CPU Page size=65536, Cores=4
[2017.05.03-09.53.25:431][  0]LogInit: High frequency timer resolution =3.914057 MHz
[2017.05.03-09.53.25:431][  0]LogMemory: Memory total: Physical=16.0GB (16GB approx)
[2017.05.03-09.53.25:431][  0]LogMemory: Platform Memory Stats for Windows
[2017.05.03-09.53.25:431][  0]LogMemory: Process Physical Memory: 262.87 MB used, 262.87 MB peak
[2017.05.03-09.53.25:431][  0]LogMemory: Process Virtual Memory: 262.60 MB used, 262.60 MB peak
[2017.05.03-09.53.25:431][  0]LogMemory: Physical Memory: 5292.98 MB used,  11043.53 MB free, 16336.51 MB total
[2017.05.03-09.53.25:431][  0]LogMemory: Virtual Memory: 644.47 MB used,  11043.53 MB free, 134217728.00 MB total
[2017.05.03-09.53.25:488][  0]LogTextLocalizationManager: No specific translations for ('en-GB') exist, so ('en') translations will be used.
[2017.05.03-09.53.26:041][  0]LogD3D11RHI: D3D11 adapters:
[2017.05.03-09.53.26:075][  0]LogD3D11RHI:    0. 'NVIDIA GeForce GTX 1070' (Feature Level 11_0)
[2017.05.03-09.53.26:075][  0]LogD3D11RHI:       8119/0/8168 MB DedicatedVideo/DedicatedSystem/SharedSystem, Outputs:1, VendorId:0x10de
[2017.05.03-09.53.26:076][  0]LogD3D11RHI:    1. 'Microsoft Basic Render Driver' (Feature Level 11_0)
[2017.05.03-09.53.26:076][  0]LogD3D11RHI:       0/0/8168 MB DedicatedVideo/DedicatedSystem/SharedSystem, Outputs:0, VendorId:0x1414
[2017.05.03-09.53.26:076][  0]LogD3D11RHI: Chosen D3D11 Adapter: 0
[2017.05.03-09.53.26:080][  0]LogD3D11RHI: Creating new Direct3DDevice
[2017.05.03-09.53.26:080][  0]LogD3D11RHI:     GPU DeviceId: 0x1b81 (for the marketing name, search the web for "GPU Device Id")
[2017.05.03-09.53.26:080][  0]LogWindows: EnumDisplayDevices:
[2017.05.03-09.53.26:080][  0]LogWindows:    0. 'NVIDIA GeForce GTX 1070' (P:1 D:1)
[2017.05.03-09.53.26:080][  0]LogWindows:    1. 'NVIDIA GeForce GTX 1070' (P:0 D:0)
[2017.05.03-09.53.26:080][  0]LogWindows:    2. 'NVIDIA GeForce GTX 1070' (P:0 D:0)
[2017.05.03-09.53.26:080][  0]LogWindows:    3. 'NVIDIA GeForce GTX 1070' (P:0 D:0)
[2017.05.03-09.53.26:081][  0]LogWindows: DebugString: FoundDriverCount:4 
[2017.05.03-09.53.26:081][  0]LogD3D11RHI:     Adapter Name: NVIDIA GeForce GTX 1070
[2017.05.03-09.53.26:081][  0]LogD3D11RHI:   Driver Version: 381.65 (internal:22.21.13.8165, unified:381.65)
[2017.05.03-09.53.26:081][  0]LogD3D11RHI:      Driver Date: 3-31-2017
[2017.05.03-09.53.26:081][  0]LogRHI: Texture pool is 1361 MB (70% of 1945 MB)
[2017.05.03-09.53.26:096][  0]LogD3D11RHI: Async texture creation enabled
[2017.05.03-09.53.26:104][  0]LogD3D11RHI: GPU Timing Frequency: 1000.000000 (Debug: 2 1)
[2017.05.03-09.53.26:146][  0]LogShaderCompilers: Guid format shader working directory is -6 characters bigger than the processId version (F:/UbisoftGithub/second-semester-dm-group-5/ubisoft/Intermediate/Shaders/WorkingDirectory/20364/).
[2017.05.03-09.53.26:146][  0]LogShaderCompilers: Cleaned the shader compiler working directory 'C:/Users/aidan/AppData/Local/Temp/UnrealShaderWorkingDir/1E72D1BF43EBB00F1C712CABEA3D94DF/'.
[2017.05.03-09.53.26:146][  0]LogShaderCompilers:Display: Using Local Shader Compiler.
[2017.05.03-09.53.26:893][  0]LogTemp:Display: Loaded TP AllDesktopTargetPlatform
[2017.05.03-09.53.26:922][  0]LogTemp:Display: Loaded TP MacClientTargetPlatform
[2017.05.03-09.53.26:952][  0]LogTemp:Display: Loaded TP MacNoEditorTargetPlatform
[2017.05.03-09.53.26:981][  0]LogTemp:Display: Loaded TP MacServerTargetPlatform
[2017.05.03-09.53.27:011][  0]LogTemp:Display: Loaded TP MacTargetPlatform
[2017.05.03-09.53.27:041][  0]LogTemp:Display: Loaded TP WindowsClientTargetPlatform
[2017.05.03-09.53.27:070][  0]LogTemp:Display: Loaded TP WindowsNoEditorTargetPlatform
[2017.05.03-09.53.27:099][  0]LogTemp:Display: Loaded TP WindowsServerTargetPlatform
[2017.05.03-09.53.27:122][  0]LogTemp:Display: Loaded TP WindowsTargetPlatform
[2017.05.03-09.53.27:151][  0]LogTemp:Display: Loaded TP AndroidTargetPlatform
[2017.05.03-09.53.27:180][  0]LogTemp:Display: Loaded TP Android_ASTCTargetPlatform
[2017.05.03-09.53.27:208][  0]LogTemp:Display: Loaded TP Android_ATCTargetPlatform
[2017.05.03-09.53.27:237][  0]LogTemp:Display: Loaded TP Android_DXTTargetPlatform
[2017.05.03-09.53.27:266][  0]LogTemp:Display: Loaded TP Android_ETC1TargetPlatform
[2017.05.03-09.53.27:296][  0]LogTemp:Display: Loaded TP Android_ETC2TargetPlatform
[2017.05.03-09.53.27:353][  0]LogTemp:Display: Loaded TP Android_MultiTargetPlatform
[2017.05.03-09.53.27:353][  0]LogTemp:Display: Loaded TP Android_PVRTCTargetPlatform
[2017.05.03-09.53.27:371][  0]LogTemp:Display: Loaded TP HTML5TargetPlatform
[2017.05.03-09.53.27:432][  0]LogTemp:Display: Loaded TP IOSTargetPlatform
[2017.05.03-09.53.27:452][  0]LogTemp:Display: Loaded TP TVOSTargetPlatform
[2017.05.03-09.53.27:482][  0]LogTemp:Display: Loaded TP LinuxClientTargetPlatform
[2017.05.03-09.53.27:511][  0]LogTemp:Display: Loaded TP LinuxNoEditorTargetPlatform
[2017.05.03-09.53.27:540][  0]LogTemp:Display: Loaded TP LinuxServerTargetPlatform
[2017.05.03-09.53.27:569][  0]LogTemp:Display: Loaded TP LinuxTargetPlatform
[2017.05.03-09.53.27:569][  0]LogTargetPlatformManager:Display: Building Assets For Windows
[2017.05.03-09.53.27:784][  0]LogDerivedDataCache:Display: Max Cache Size: 512 MB
[2017.05.03-09.53.27:821][  0]LogDerivedDataCache: Loaded boot cache 0.04s 50MB C:/Users/aidan/AppData/Local/UnrealEngine/4.15/DerivedDataCache/Boot.ddc.
[2017.05.03-09.53.27:821][  0]LogDerivedDataCache:Display: Loaded Boot cache: C:/Users/aidan/AppData/Local/UnrealEngine/4.15/DerivedDataCache/Boot.ddc
[2017.05.03-09.53.27:821][  0]LogDerivedDataCache: FDerivedDataBackendGraph:  Pak pak cache file F:/UbisoftGithub/second-semester-dm-group-5/ubisoft/DerivedDataCache/DDC.ddp not found, will not use a pak cache.
[2017.05.03-09.53.27:821][  0]LogDerivedDataCache: Unable to find inner node Pak for hierarchical cache Hierarchy.
[2017.05.03-09.53.27:821][  0]LogDerivedDataCache: FDerivedDataBackendGraph:  CompressedPak pak cache file F:/UbisoftGithub/second-semester-dm-group-5/ubisoft/DerivedDataCache/Compressed.ddp not found, will not use a pak cache.
[2017.05.03-09.53.27:821][  0]LogDerivedDataCache: Unable to find inner node CompressedPak for hierarchical cache Hierarchy.
[2017.05.03-09.53.27:834][  0]LogDerivedDataCache:Display: Pak cache opened for reading ../../../Engine/DerivedDataCache/Compressed.ddp.
[2017.05.03-09.53.27:845][  0]LogDerivedDataCache: Using Local data cache path C:/Users/aidan/AppData/Local/UnrealEngine/Common/DerivedDataCache: Writable
[2017.05.03-09.53.27:850][  0]LogSlate: Using Freetype 2.6.0
[2017.05.03-09.53.27:852][  0]LogSlate: SlateFontCache - WITH_FREETYPE: 1, WITH_HARFBUZZ: 1
[2017.05.03-09.53.27:852][  0]LogSlate: SlateFontCache - WITH_FREETYPE: 1, WITH_HARFBUZZ: 1
[2017.05.03-09.53.28:075][  0]LogInit: Selected Device Profile: [Windows]
[2017.05.03-09.53.28:077][  0]LogContentStreaming: Texture pool size is 0.00 MB
[2017.05.03-09.53.28:198][  0]LogMeshUtilities: Using QuadricMeshReduction for automatic static mesh reduction
[2017.05.03-09.53.28:219][  0]LogSimplygon: Simplygon DLL not present - disabling.
[2017.05.03-09.53.28:241][  0]LogMeshUtilities: Using SimplygonSwarm for distributed automatic mesh merging
[2017.05.03-09.53.28:241][  0]LogMeshUtilities: No automatic skeletal mesh reduction module available
[2017.05.03-09.53.28:241][  0]LogMeshUtilities: No automatic mesh merging module available
[2017.05.03-09.53.28:598][  0]LogNetVersion: GetLocalNetworkVersion: CL: 3299760, ProjectName: ubisoft, ProjectVersion: , EngineNetworkVersion: 2, GameNetworkVersion: 0, NetworkChecksum: 2571914406
[2017.05.03-09.53.28:631][  0]LogAssetRegistry: FAssetRegistry took 0.0210 seconds to start up
[2017.05.03-09.53.28:668][  0]LogPackageLocalizationCache: Processed 3 localized package path(s) for 2 prioritized culture(s) in 0.025894 seconds
[2017.05.03-09.53.28:672][  0]LogUObjectArray: 32475 objects as part of root set at end of initial load.
[2017.05.03-09.53.28:672][  0]LogUObjectAllocator: 7073360 out of 0 bytes used by permanent object pool.
[2017.05.03-09.53.28:672][  0]LogUObjectArray: CloseDisregardForGC: 0/0 objects in disregard for GC pool
[2017.05.03-09.53.28:700][  0]LogInit: WinSock: version 1.1 (2.2), MaxSocks=32767, MaxUdp=65467
[2017.05.03-09.53.29:912][  0]LogTcpMessaging: Initializing TcpMessaging bridge
[2017.05.03-09.53.29:936][  0]LogUdpMessaging: Initializing bridge on interface 0.0.0.0:0 to multicast group 230.0.0.1:6666.
[2017.05.03-09.53.30:194][  0]LogMaterial: Uniform references updated for custom material expression Custom.
[2017.05.03-09.53.30:392][  0]SourceControl: Info Source control is disabled
[2017.05.03-09.53.30:474][  0]SourceControl: Info Source control is disabled
[2017.05.03-09.53.30:496][  0]SourceControl: Info Source control is disabled
[2017.05.03-09.53.30:517][  0]SourceControl: Info Source control is disabled
[2017.05.03-09.53.31:144][  0]LogEngine: Initializing Engine...
[2017.05.03-09.53.31:144][  0]LogHMD: Failed to initialize OpenVR with code 110
[2017.05.03-09.53.31:283][  0]LogAIModule: Creating AISystem for world Untitled
[2017.05.03-09.53.31:299][  0]LogInit: XAudio2 using 'Headset Earphone (HyperX 7.1 Audio)' : 2 channels at 44.1 kHz using 16 bits per sample (channel mask 0x3)
[2017.05.03-09.53.31:307][  0]LogInit: FAudioDevice initialized.
[2017.05.03-09.53.31:328][  0]LogDerivedDataCache: Saved boot cache 0.02s 50MB C:/Users/aidan/AppData/Local/UnrealEngine/4.15/DerivedDataCache/Boot.ddc.
[2017.05.03-09.53.31:330][  0]LogInit: Texture streaming: Enabled
[2017.05.03-09.53.31:375][  0]LogEngineSessionManager: EngineSessionManager initialized
[2017.05.03-09.53.31:417][  0]LogInit: Transaction tracking system initialized
[2017.05.03-09.53.31:577][  0]BlueprintLog: New page: Editor Load
[2017.05.03-09.53.32:011][  0]LocalizationService: Info Localization service is disabled
[2017.05.03-09.53.32:332][  0]LogConsoleResponse:Display: 
[2017.05.03-09.53.32:427][  0]LogCook:Display: Max memory allowance for cook 16384mb min free memory 0mb
[2017.05.03-09.53.32:427][  0]LogCook:Display: Mobile HDR setting 1
[2017.05.03-09.53.32:695][  0]LogFileCache: Scanning file cache for directory 'F:/UbisoftGithub/second-semester-dm-group-5/ubisoft/Content/' took 0.01s
[2017.05.03-09.53.32:914][  0]SourceControl: Info Source control is disabled
[2017.05.03-09.53.32:914][  0]Cmd: MAP LOAD FILE="F:/UbisoftGithub/second-semester-dm-group-5/ubisoft/Content/SideScrollerBP/Maps/SideScrollerExampleMap.umap" TEMPLATE=0 SHOWPROGRESS=1 FEATURELEVEL=3
[2017.05.03-09.53.32:914][  0]LightingResults: New page: Lighting Build
[2017.05.03-09.53.32:933][  0]MapCheck: New page: Map Check
[2017.05.03-09.53.32:933][  0]LightingResults: New page: Lighting Build
[2017.05.03-09.53.33:350][  0]LogAIModule: Creating AISystem for world SideScrollerExampleMap
[2017.05.03-09.53.33:360][  0]LogEditorServer: Finished looking for orphan Actors (0.000 secs)
[2017.05.03-09.53.33:361][  0]Cmd: MAP CHECKDEP NOCLEARLOG
[2017.05.03-09.53.33:388][  0]MapCheck: Info Map check complete: 0 Error(s), 0 Warning(s), took 27.187ms to complete.
[2017.05.03-09.53.33:388][  0]LogFileHelpers: Loading map 'SideScrollerExampleMap' took 0.474
[2017.05.03-09.53.33:441][  0]LogWindowsTextInputMethodSystem:Display: IME system now deactivated.
[2017.05.03-09.53.33:441][  0]LogWindowsTextInputMethodSystem:Display: IME system now deactivated.
[2017.05.03-09.53.33:524][  0]LogCollectionManager: Loaded 0 collections in 0.000660 seconds
[2017.05.03-09.53.33:581][  0]LogFileCache: Scanning file cache for directory 'F:/UbisoftGithub/second-semester-dm-group-5/ubisoft/Saved/Collections/' took 0.01s
[2017.05.03-09.53.33:581][  0]LogFileCache: Scanning file cache for directory 'F:/UbisoftGithub/second-semester-dm-group-5/ubisoft/Content/Developers/aidan/Collections/' took 0.01s
[2017.05.03-09.53.33:581][  0]LogFileCache: Scanning file cache for directory 'F:/UbisoftGithub/second-semester-dm-group-5/ubisoft/Content/Collections/' took 0.01s
[2017.05.03-09.53.33:581][  0]LogCollectionManager: Rebuilt the GUID cache for 0 collections in 0.000001 seconds
[2017.05.03-09.53.33:588][  0]LogContentBrowser: Native class hierarchy populated in 0.0067 seconds. Added 2244 classes and 450 folders.
[2017.05.03-09.53.33:591][  0]LogStats: UGameplayTagsManager::ConstructGameplayTagTree: Construct from data asset -  0.000 s
[2017.05.03-09.53.33:591][  0]LogStats: UGameplayTagsManager::ConstructGameplayTagTree: GameplayTagTreeChangedEvent.Broadcast -  0.000 s
[2017.05.03-09.53.33:620][  0]LogContentBrowser: Native class hierarchy updated for 'WidgetCarousel' in 0.0005 seconds. Added 0 classes and 0 folders.
[2017.05.03-09.53.33:662][  0]LogContentBrowser: Native class hierarchy updated for 'AddContentDialog' in 0.0005 seconds. Added 0 classes and 0 folders.
[2017.05.03-09.53.33:682][  0]LogContentBrowser: Native class hierarchy updated for 'SceneOutliner' in 0.0005 seconds. Added 1 classes and 2 folders.
[2017.05.03-09.53.33:755][  0]LogCrashTracker: Crashtracker disabled due to settings.
[2017.05.03-09.53.33:759][  0]LogUObjectGlobals:Warning: Failed to find object 'Class None.'
[2017.05.03-09.53.33:802][  0]LogContentBrowser: Native class hierarchy updated for 'HierarchicalLODOutliner' in 0.0005 seconds. Added 1 classes and 2 folders.
[2017.05.03-09.53.33:802][  0]LogLoad: (Engine Initialization) Total time: 9.60 seconds
[2017.05.03-09.53.33:802][  0]LogLoad: (Engine Initialization) Total Blueprint compile time: 0.12 seconds
[2017.05.03-09.53.33:802][  0]LogExternalProfiler: Found external profiler: VSPerf
[2017.05.03-09.53.33:802][  0]LogExternalProfiler: Using external profiler: VSPerf
[2017.05.03-09.53.33:811][  0]LogOcInput: OculusInput pre-init called
[2017.05.03-09.53.33:827][  0]LogAssetRegistry: Asset discovery search completed in 5.2163 seconds
[2017.05.03-09.53.33:827][  0]LogCollectionManager: Rebuilt the object cache for 0 collections in 0.000004 seconds (found 0 objects)
[2017.05.03-09.53.33:827][  0]LogCollectionManager: Fixed up redirectors for 0 collections in 0.000019 seconds (updated 0 objects)
[2017.05.03-09.53.33:828][  0]LogContentStreaming: Texture pool size now 1000 MB
[2017.05.03-09.53.33:836][  0]LogSlate: Took 0.000441 seconds to synchronously load lazily loaded font '../../../Engine/Content/Slate/Fonts/Roboto-Regular.ttf' (155K)
[2017.05.03-09.53.33:840][  0]LogSlate: Took 0.000481 seconds to synchronously load lazily loaded font '../../../Engine/Content/Slate/Fonts/Roboto-Bold.ttf' (160K)
[2017.05.03-09.53.33:844][  0]LogSlate: Took 0.000450 seconds to synchronously load lazily loaded font '../../../Engine/Content/Editor/Slate/Fonts/FontAwesome.ttf' (139K)
[2017.05.03-09.53.33:944][  0]LogRenderer: Reallocating scene render targets to support 1208x576 NumSamples 1 (Frame:2).
[2017.05.03-09.53.33:970][  0]LogSlate: Took 0.000510 seconds to synchronously load lazily loaded font '../../../Engine/Content/Slate/Fonts/Roboto-Light.ttf' (159K)
[2017.05.03-09.53.56:095][533]LogTemp: Repeting last play command: Selected Viewport
[2017.05.03-09.53.56:106][533]LogBlueprintUserMessages: Early PlayInEditor Detection: Level '/Game/SideScrollerBP/Maps/SideScrollerExampleMap.SideScrollerExampleMap:PersistentLevel' has LevelScriptBlueprint '/Game/SideScrollerBP/Maps/SideScrollerExampleMap.SideScrollerExampleMap:PersistentLevel.SideScrollerExampleMap' with GeneratedClass '/Game/SideScrollerBP/Maps/SideScrollerExampleMap.SideScrollerExampleMap_C' with ClassGeneratedBy '/Game/SideScrollerBP/Maps/SideScrollerExampleMap.SideScrollerExampleMap:PersistentLevel.SideScrollerExampleMap'
[2017.05.03-09.53.56:106][533]LogPlayLevel: PlayLevel: No blueprints needed recompiling
[2017.05.03-09.53.56:106][533]PIE: New page: PIE session: SideScrollerExampleMap (3 May 2017 11:53:56)
[2017.05.03-09.53.56:106][533]LogPlayLevel: Creating play world package: /Game/SideScrollerBP/Maps/UEDPIE_0_SideScrollerExampleMap
[2017.05.03-09.53.56:128][533]LogPlayLevel: PIE: StaticDuplicateObject took: (0.021484s)
[2017.05.03-09.53.56:129][533]LogAIModule: Creating AISystem for world SideScrollerExampleMap
[2017.05.03-09.53.56:129][533]LogPlayLevel: PIE: World Init took: (0.000789s)
[2017.05.03-09.53.56:129][533]LogPlayLevel: PIE: Created PIE world by copying editor world from /Game/SideScrollerBP/Maps/SideScrollerExampleMap.SideScrollerExampleMap to /Game/SideScrollerBP/Maps/UEDPIE_0_SideScrollerExampleMap.SideScrollerExampleMap (0.022540s)
[2017.05.03-09.53.56:153][533]LogInit: XAudio2 using 'Headset Earphone (HyperX 7.1 Audio)' : 2 channels at 44.1 kHz using 16 bits per sample (channel mask 0x3)
[2017.05.03-09.53.56:159][533]LogInit: FAudioDevice initialized.
[2017.05.03-09.53.56:209][533]LogLoad: Game class is 'SideScrollerGameMode_C'
[2017.05.03-09.53.56:212][533]LogWorld: Bringing World /Game/SideScrollerBP/Maps/UEDPIE_0_SideScrollerExampleMap.SideScrollerExampleMap up for play (max tick rate 0) at 2017.05.03-10.53.56
[2017.05.03-09.53.56:212][533]LogWorld: Bringing up level for play took: 0.002182
[2017.05.03-09.53.56:232][533]LogContentBrowser: Native class hierarchy updated for 'MovieSceneCapture' in 0.0005 seconds. Added 11 classes and 0 folders.
[2017.05.03-09.53.56:235][533]PIE: Info Play in editor start time for /Game/SideScrollerBP/Maps/UEDPIE_0_SideScrollerExampleMap 0.613
[2017.05.03-09.53.56:235][533]LogBlueprintUserMessages: Late PlayInEditor Detection: Level '/Game/SideScrollerBP/Maps/SideScrollerExampleMap.SideScrollerExampleMap:PersistentLevel' has LevelScriptBlueprint '/Game/SideScrollerBP/Maps/SideScrollerExampleMap.SideScrollerExampleMap:PersistentLevel.SideScrollerExampleMap' with GeneratedClass '/Game/SideScrollerBP/Maps/SideScrollerExampleMap.SideScrollerExampleMap_C' with ClassGeneratedBy '/Game/SideScrollerBP/Maps/SideScrollerExampleMap.SideScrollerExampleMap:PersistentLevel.SideScrollerExampleMap'
[2017.05.03-09.53.57:030][625]Cmd: LevelEditor.ToggleImmersive
[2017.05.03-09.53.57:185][626]LogRenderer: Reallocating scene render targets to support 1548x796 NumSamples 1 (Frame:1676).
[2017.05.03-09.53.57:222][627]LogRenderer: Reallocating scene render targets to support 1920x1040 NumSamples 1 (Frame:1678).
[2017.05.03-09.54.47:290][633]LogCharacterMovement: MyCharacter_C_0 is stuck and failed to move! Velocity: X=0.00 Y=-17.07 Z=0.00 Location: X=1210.08 Y=519.98 Z=3921.00 Normal: X=1.00 Y=0.00 Z=-0.00 PenetrationDepth:35.380 Actor:dirtland9_14 Component:StaticMeshComponent0 BoneName:None (0 other events since notify)
[2017.05.03-09.54.48:423][769]LogCharacterMovement: MyCharacter_C_0 is stuck and failed to move! Velocity: X=0.00 Y=-17.07 Z=0.00 Location: X=1210.08 Y=519.98 Z=3921.00 Normal: X=1.00 Y=0.00 Z=0.00 PenetrationDepth:35.380 Actor:dirtland9_14 Component:StaticMeshComponent0 BoneName:None (84 other events since notify)
[2017.05.03-09.54.49:506][899]LogCharacterMovement: MyCharacter_C_0 is stuck and failed to move! Velocity: X=0.00 Y=-17.07 Z=0.00 Location: X=1210.08 Y=519.98 Z=3921.00 Normal: X=1.00 Y=0.00 Z=0.00 PenetrationDepth:35.380 Actor:dirtland9_14 Component:StaticMeshComponent0 BoneName:None (33 other events since notify)
[2017.05.03-09.54.54:782][532]LogBlueprintUserMessages: Early EndPlayMap Detection: Level '/Game/SideScrollerBP/Maps/SideScrollerExampleMap.SideScrollerExampleMap:PersistentLevel' has LevelScriptBlueprint '/Game/SideScrollerBP/Maps/SideScrollerExampleMap.SideScrollerExampleMap:PersistentLevel.SideScrollerExampleMap' with GeneratedClass '/Game/SideScrollerBP/Maps/SideScrollerExampleMap.SideScrollerExampleMap_C' with ClassGeneratedBy '/Game/SideScrollerBP/Maps/SideScrollerExampleMap.SideScrollerExampleMap:PersistentLevel.SideScrollerExampleMap'
[2017.05.03-09.54.54:842][532]LogBlueprintUserMessages: Late EndPlayMap Detection: Level '/Game/SideScrollerBP/Maps/SideScrollerExampleMap.SideScrollerExampleMap:PersistentLevel' has LevelScriptBlueprint '/Game/SideScrollerBP/Maps/SideScrollerExampleMap.SideScrollerExampleMap:PersistentLevel.SideScrollerExampleMap' with GeneratedClass '/Game/SideScrollerBP/Maps/SideScrollerExampleMap.SideScrollerExampleMap_C' with ClassGeneratedBy '/Game/SideScrollerBP/Maps/SideScrollerExampleMap.SideScrollerExampleMap:PersistentLevel.SideScrollerExampleMap'
[2017.05.03-09.55.02:770][459]LogEditorViewport: Clicking on Actor (LMB): Actor (Char2Respawn)
[2017.05.03-09.55.03:836][584]LogEditorViewport: Clicking on Actor (CTRL LMB): Actor (Char1Respawn)
[2017.05.03-09.55.06:307][875]LogEditorViewport: Clicking on Actor (LMB): Actor (Char2Respawn)
[2017.05.03-09.55.07:591][ 26]LogEditorViewport: Clicking on Actor (CTRL LMB): Actor (Char1Respawn)
[2017.05.03-09.55.13:061][677]Cmd: SELECT NONE
[2017.05.03-09.55.14:531][853]LogEditorViewport: Clicking on Actor (LMB): StaticMeshActor (Cube19)
[2017.05.03-09.55.26:453][454]LogTemp: Repeting last play command: Selected Viewport
[2017.05.03-09.55.26:464][454]LogBlueprintUserMessages: Early PlayInEditor Detection: Level '/Game/SideScrollerBP/Maps/SideScrollerExampleMap.SideScrollerExampleMap:PersistentLevel' has LevelScriptBlueprint '/Game/SideScrollerBP/Maps/SideScrollerExampleMap.SideScrollerExampleMap:PersistentLevel.SideScrollerExampleMap' with GeneratedClass '/Game/SideScrollerBP/Maps/SideScrollerExampleMap.SideScrollerExampleMap_C' with ClassGeneratedBy '/Game/SideScrollerBP/Maps/SideScrollerExampleMap.SideScrollerExampleMap:PersistentLevel.SideScrollerExampleMap'
[2017.05.03-09.55.26:464][454]LogPlayLevel: PlayLevel: No blueprints needed recompiling
[2017.05.03-09.55.26:464][454]PIE: New page: PIE session: SideScrollerExampleMap (3 May 2017 11:55:26)
[2017.05.03-09.55.26:464][454]LogPlayLevel: Creating play world package: /Game/SideScrollerBP/Maps/UEDPIE_0_SideScrollerExampleMap
[2017.05.03-09.55.26:483][454]LogPlayLevel: PIE: StaticDuplicateObject took: (0.018946s)
[2017.05.03-09.55.26:484][454]LogAIModule: Creating AISystem for world SideScrollerExampleMap
[2017.05.03-09.55.26:484][454]LogPlayLevel: PIE: World Init took: (0.001028s)
[2017.05.03-09.55.26:485][454]LogPlayLevel: PIE: Created PIE world by copying editor world from /Game/SideScrollerBP/Maps/SideScrollerExampleMap.SideScrollerExampleMap to /Game/SideScrollerBP/Maps/UEDPIE_0_SideScrollerExampleMap.SideScrollerExampleMap (0.020286s)
[2017.05.03-09.55.26:505][454]LogInit: XAudio2 using 'Headset Earphone (HyperX 7.1 Audio)' : 2 channels at 44.1 kHz using 16 bits per sample (channel mask 0x3)
[2017.05.03-09.55.26:512][454]LogInit: FAudioDevice initialized.
[2017.05.03-09.55.26:543][454]LogLoad: Game class is 'SideScrollerGameMode_C'
[2017.05.03-09.55.26:546][454]LogWorld: Bringing World /Game/SideScrollerBP/Maps/UEDPIE_0_SideScrollerExampleMap.SideScrollerExampleMap up for play (max tick rate 0) at 2017.05.03-10.55.26
[2017.05.03-09.55.26:546][454]LogWorld: Bringing up level for play took: 0.002437
[2017.05.03-09.55.26:548][454]PIE: Info Play in editor start time for /Game/SideScrollerBP/Maps/UEDPIE_0_SideScrollerExampleMap 0.926
[2017.05.03-09.55.26:548][454]LogBlueprintUserMessages: Late PlayInEditor Detection: Level '/Game/SideScrollerBP/Maps/SideScrollerExampleMap.SideScrollerExampleMap:PersistentLevel' has LevelScriptBlueprint '/Game/SideScrollerBP/Maps/SideScrollerExampleMap.SideScrollerExampleMap:PersistentLevel.SideScrollerExampleMap' with GeneratedClass '/Game/SideScrollerBP/Maps/SideScrollerExampleMap.SideScrollerExampleMap_C' with ClassGeneratedBy '/Game/SideScrollerBP/Maps/SideScrollerExampleMap.SideScrollerExampleMap:PersistentLevel.SideScrollerExampleMap'
[2017.05.03-09.55.27:661][585]Cmd: LevelEditor.ToggleImmersive
[2017.05.03-09.56.03:430][859]LogCharacterMovement: MyCharacter_C_0 is stuck and failed to move! Velocity: X=0.00 Y=-194.73 Z=0.00 Location: X=1210.08 Y=417.95 Z=3175.70 Normal: X=0.29 Y=0.81 Z=0.51 PenetrationDepth:2.606 Actor:planet5 Component:StaticMeshComponent0 BoneName:None (0 other events since notify)
[2017.05.03-09.56.07:056][294]LogBlueprintUserMessages: Early EndPlayMap Detection: Level '/Game/SideScrollerBP/Maps/SideScrollerExampleMap.SideScrollerExampleMap:PersistentLevel' has LevelScriptBlueprint '/Game/SideScrollerBP/Maps/SideScrollerExampleMap.SideScrollerExampleMap:PersistentLevel.SideScrollerExampleMap' with GeneratedClass '/Game/SideScrollerBP/Maps/SideScrollerExampleMap.SideScrollerExampleMap_C' with ClassGeneratedBy '/Game/SideScrollerBP/Maps/SideScrollerExampleMap.SideScrollerExampleMap:PersistentLevel.SideScrollerExampleMap'
[2017.05.03-09.56.07:134][294]LogBlueprintUserMessages: Late EndPlayMap Detection: Level '/Game/SideScrollerBP/Maps/SideScrollerExampleMap.SideScrollerExampleMap:PersistentLevel' has LevelScriptBlueprint '/Game/SideScrollerBP/Maps/SideScrollerExampleMap.SideScrollerExampleMap:PersistentLevel.SideScrollerExampleMap' with GeneratedClass '/Game/SideScrollerBP/Maps/SideScrollerExampleMap.SideScrollerExampleMap_C' with ClassGeneratedBy '/Game/SideScrollerBP/Maps/SideScrollerExampleMap.SideScrollerExampleMap:PersistentLevel.SideScrollerExampleMap'
[2017.05.03-09.56.28:356][481]LogEditorViewport: Clicking on Actor (LMB): Actor (Char1Respawn)
[2017.05.03-09.56.29:285][590]LogEditorViewport: Clicking on Actor (CTRL LMB): Actor (Char2Respawn)
[2017.05.03-09.56.37:539][576]LogEditorViewport: Clicking on Actor (LMB): StaticMeshActor (Cube9)
[2017.05.03-09.56.38:233][655]Cmd: SELECT NONE
[2017.05.03-09.56.40:821][770]LogEditorViewport: Clicking on Actor (LMB): StaticMeshActor (Cube11)
[2017.05.03-09.56.45:406][ 89]LogTemp: Repeting last play command: Selected Viewport
[2017.05.03-09.56.45:417][ 89]LogBlueprintUserMessages: Early PlayInEditor Detection: Level '/Game/SideScrollerBP/Maps/SideScrollerExampleMap.SideScrollerExampleMap:PersistentLevel' has LevelScriptBlueprint '/Game/SideScrollerBP/Maps/SideScrollerExampleMap.SideScrollerExampleMap:PersistentLevel.SideScrollerExampleMap' with GeneratedClass '/Game/SideScrollerBP/Maps/SideScrollerExampleMap.SideScrollerExampleMap_C' with ClassGeneratedBy '/Game/SideScrollerBP/Maps/SideScrollerExampleMap.SideScrollerExampleMap:PersistentLevel.SideScrollerExampleMap'
[2017.05.03-09.56.45:417][ 89]LogPlayLevel: PlayLevel: No blueprints needed recompiling
[2017.05.03-09.56.45:417][ 89]PIE: New page: PIE session: SideScrollerExampleMap (3 May 2017 11:56:45)
[2017.05.03-09.56.45:417][ 89]LogPlayLevel: Creating play world package: /Game/SideScrollerBP/Maps/UEDPIE_0_SideScrollerExampleMap
[2017.05.03-09.56.45:435][ 89]LogPlayLevel: PIE: StaticDuplicateObject took: (0.017721s)
[2017.05.03-09.56.45:435][ 89]LogAIModule: Creating AISystem for world SideScrollerExampleMap
[2017.05.03-09.56.45:435][ 89]LogPlayLevel: PIE: World Init took: (0.000600s)
[2017.05.03-09.56.45:435][ 89]LogPlayLevel: PIE: Created PIE world by copying editor world from /Game/SideScrollerBP/Maps/SideScrollerExampleMap.SideScrollerExampleMap to /Game/SideScrollerBP/Maps/UEDPIE_0_SideScrollerExampleMap.SideScrollerExampleMap (0.018496s)
[2017.05.03-09.56.45:455][ 89]LogInit: XAudio2 using 'Headset Earphone (HyperX 7.1 Audio)' : 2 channels at 44.1 kHz using 16 bits per sample (channel mask 0x3)
[2017.05.03-09.56.45:462][ 89]LogInit: FAudioDevice initialized.
[2017.05.03-09.56.45:487][ 89]LogLoad: Game class is 'SideScrollerGameMode_C'
[2017.05.03-09.56.45:490][ 89]LogWorld: Bringing World /Game/SideScrollerBP/Maps/UEDPIE_0_SideScrollerExampleMap.SideScrollerExampleMap up for play (max tick rate 0) at 2017.05.03-10.56.45
[2017.05.03-09.56.45:491][ 89]LogWorld: Bringing up level for play took: 0.002510
[2017.05.03-09.56.45:493][ 89]PIE: Info Play in editor start time for /Game/SideScrollerBP/Maps/UEDPIE_0_SideScrollerExampleMap -0.129
[2017.05.03-09.56.45:493][ 89]LogBlueprintUserMessages: Late PlayInEditor Detection: Level '/Game/SideScrollerBP/Maps/SideScrollerExampleMap.SideScrollerExampleMap:PersistentLevel' has LevelScriptBlueprint '/Game/SideScrollerBP/Maps/SideScrollerExampleMap.SideScrollerExampleMap:PersistentLevel.SideScrollerExampleMap' with GeneratedClass '/Game/SideScrollerBP/Maps/SideScrollerExampleMap.SideScrollerExampleMap_C' with ClassGeneratedBy '/Game/SideScrollerBP/Maps/SideScrollerExampleMap.SideScrollerExampleMap:PersistentLevel.SideScrollerExampleMap'
[2017.05.03-09.56.46:095][159]Cmd: LevelEditor.ToggleImmersive
[2017.05.03-09.57.23:293][605]LogCharacterMovement: MyCharacter_C_0 is stuck and failed to move! Velocity: X=0.00 Y=-17.07 Z=0.00 Location: X=1210.08 Y=259.04 Z=3168.50 Normal: X=1.00 Y=0.00 Z=-0.00 PenetrationDepth:35.380 Actor:dirtland8_12 Component:StaticMeshComponent0 BoneName:None (0 other events since notify)
[2017.05.03-09.58.11:170][350]LogBlueprintUserMessages: Early EndPlayMap Detection: Level '/Game/SideScrollerBP/Maps/SideScrollerExampleMap.SideScrollerExampleMap:PersistentLevel' has LevelScriptBlueprint '/Game/SideScrollerBP/Maps/SideScrollerExampleMap.SideScrollerExampleMap:PersistentLevel.SideScrollerExampleMap' with GeneratedClass '/Game/SideScrollerBP/Maps/SideScrollerExampleMap.SideScrollerExampleMap_C' with ClassGeneratedBy '/Game/SideScrollerBP/Maps/SideScrollerExampleMap.SideScrollerExampleMap:PersistentLevel.SideScrollerExampleMap'
[2017.05.03-09.58.11:251][350]LogBlueprintUserMessages: Late EndPlayMap Detection: Level '/Game/SideScrollerBP/Maps/SideScrollerExampleMap.SideScrollerExampleMap:PersistentLevel' has LevelScriptBlueprint '/Game/SideScrollerBP/Maps/SideScrollerExampleMap.SideScrollerExampleMap:PersistentLevel.SideScrollerExampleMap' with GeneratedClass '/Game/SideScrollerBP/Maps/SideScrollerExampleMap.SideScrollerExampleMap_C' with ClassGeneratedBy '/Game/SideScrollerBP/Maps/SideScrollerExampleMap.SideScrollerExampleMap:PersistentLevel.SideScrollerExampleMap'
[2017.05.03-09.58.15:645][481]LogEditorViewport: Clicking on Actor (LMB): StaticMeshActor (Cube45)
[2017.05.03-09.58.20:637][893]Cmd: QUIT_EDITOR
[2017.05.03-09.58.20:902][893]LogWindowsTextInputMethodSystem:Display: IME system now deactivated.
[2017.05.03-09.58.20:902][893]LogWindowsTextInputMethodSystem:Display: IME system now deactivated.
[2017.05.03-09.58.20:917][893]LogExit: Preparing to exit.
[2017.05.03-09.58.21:109][893]LogExit: Editor shut down
[2017.05.03-09.58.21:110][893]LogExit: Transaction tracking system shut down
[2017.05.03-09.58.21:149][893]LogObj: Freed 0b from 0 cluster array pools.
[2017.05.03-09.58.21:149][893]LogExit: Object subsystem successfully closed.
[2017.05.03-09.58.21:161][893]LogD3D11RHI: Shutdown
[2017.05.03-09.58.21:161][893]LogD3D11RHI: CleanupD3DDevice
[2017.05.03-09.58.21:212][893]LogD3D11RHI: ~FD3D11DynamicRHI
[2017.05.03-09.58.21:217][893]LogModuleManager: Shutting down and abandoning module MovieSceneCapture (498)
[2017.05.03-09.58.21:217][893]LogModuleManager: Shutting down and abandoning module HierarchicalLODOutliner (496)
[2017.05.03-09.58.21:217][893]LogModuleManager: Shutting down and abandoning module CrashTracker (494)
[2017.05.03-09.58.21:217][893]LogModuleManager: Shutting down and abandoning module SceneOutliner (492)
[2017.05.03-09.58.21:217][893]LogModuleManager: Shutting down and abandoning module AddContentDialog (490)
[2017.05.03-09.58.21:217][893]LogDirectoryWatcher: A directory notification for 'H:/programs/UE_4.15/FeaturePacks/' was aborted.
[2017.05.03-09.58.21:220][893]LogModuleManager: Shutting down and abandoning module WidgetCarousel (489)
[2017.05.03-09.58.21:220][893]LogModuleManager: Shutting down and abandoning module EditorWidgets (486)
[2017.05.03-09.58.21:220][893]LogModuleManager: Shutting down and abandoning module CollectionManager (484)
[2017.05.03-09.58.21:220][893]LogDirectoryWatcher: A directory notification for 'F:/UbisoftGithub/second-semester-dm-group-5/ubisoft/Content/Collections/' was aborted.
[2017.05.03-09.58.21:220][893]LogDirectoryWatcher: A directory notification for 'F:/UbisoftGithub/second-semester-dm-group-5/ubisoft/Content/Developers/aidan/Collections/' was aborted.
[2017.05.03-09.58.21:220][893]LogDirectoryWatcher: A directory notification for 'F:/UbisoftGithub/second-semester-dm-group-5/ubisoft/Saved/Collections/' was aborted.
[2017.05.03-09.58.21:220][893]LogModuleManager: Shutting down and abandoning module StatsViewer (482)
[2017.05.03-09.58.21:220][893]LogModuleManager: Shutting down and abandoning module FoliageEdit (480)
[2017.05.03-09.58.21:220][893]LogModuleManager: Shutting down and abandoning module LandscapeEditor (478)
[2017.05.03-09.58.21:220][893]LogModuleManager: Shutting down and abandoning module SceneDepthPickerMode (476)
[2017.05.03-09.58.21:220][893]LogModuleManager: Shutting down and abandoning module ActorPickerMode (474)
[2017.05.03-09.58.21:220][893]LogModuleManager: Shutting down and abandoning module GeometryMode (472)
[2017.05.03-09.58.21:220][893]LogModuleManager: Shutting down and abandoning module TextureAlignMode (470)
[2017.05.03-09.58.21:220][893]LogModuleManager: Shutting down and abandoning module BspMode (468)
[2017.05.03-09.58.21:220][893]LogModuleManager: Shutting down and abandoning module HardwareSurvey (466)
[2017.05.03-09.58.21:220][893]LogModuleManager: Shutting down and abandoning module SequenceRecorderSections (464)
[2017.05.03-09.58.21:220][893]LogModuleManager: Shutting down and abandoning module AutomationWorker (462)
[2017.05.03-09.58.21:220][893]LogModuleManager: Shutting down and abandoning module MatineeToLevelSequence (460)
[2017.05.03-09.58.21:220][893]LogModuleManager: Shutting down and abandoning module LevelSequenceEditor (458)
[2017.05.03-09.58.21:220][893]LogModuleManager: Shutting down and abandoning module PlacementMode (457)
[2017.05.03-09.58.21:220][893]LogModuleManager: Shutting down and abandoning module WmfMediaFactory (454)
[2017.05.03-09.58.21:220][893]LogModuleManager: Shutting down and abandoning module WmfMediaEditor (452)
[2017.05.03-09.58.21:220][893]LogModuleManager: Shutting down and abandoning module MfMediaFactory (450)
[2017.05.03-09.58.21:220][893]LogModuleManager: Shutting down and abandoning module MfMediaEditor (448)
[2017.05.03-09.58.21:220][893]LogModuleManager: Shutting down and abandoning module AvfMediaFactory (446)
[2017.05.03-09.58.21:220][893]LogModuleManager: Shutting down and abandoning module AvfMediaEditor (444)
[2017.05.03-09.58.21:220][893]LogModuleManager: Shutting down and abandoning module AndroidMediaFactory (442)
[2017.05.03-09.58.21:220][893]LogModuleManager: Shutting down and abandoning module Media (441)
[2017.05.03-09.58.21:220][893]LogModuleManager: Shutting down and abandoning module AndroidMediaEditor (438)
[2017.05.03-09.58.21:220][893]LogModuleManager: Shutting down and abandoning module CharacterAI (436)
[2017.05.03-09.58.21:220][893]LogModuleManager: Shutting down and abandoning module AudioCapture (434)
[2017.05.03-09.58.21:220][893]LogModuleManager: Shutting down and abandoning module SequenceRecorder (433)
[2017.05.03-09.58.21:220][893]LogModuleManager: Shutting down and abandoning module SmartSnapping (430)
[2017.05.03-09.58.21:220][893]LogModuleManager: Shutting down and abandoning module SessionServices (428)
[2017.05.03-09.58.21:220][893]LogModuleManager: Shutting down and abandoning module ViewportSnapping (426)
[2017.05.03-09.58.21:220][893]LogModuleManager: Shutting down and abandoning module ViewportInteraction (424)
[2017.05.03-09.58.21:220][893]LogModuleManager: Shutting down and abandoning module LogVisualizer (422)
[2017.05.03-09.58.21:220][893]LogModuleManager: Shutting down and abandoning module IntroTutorials (420)
[2017.05.03-09.58.21:220][893]LogModuleManager: Shutting down and abandoning module GameProjectGeneration (419)
[2017.05.03-09.58.21:220][893]LogModuleManager: Shutting down and abandoning module EditorLiveStreaming (416)
[2017.05.03-09.58.21:220][893]LogModuleManager: Shutting down and abandoning module IOSPlatformEditor (414)
[2017.05.03-09.58.21:220][893]LogModuleManager: Shutting down and abandoning module HTML5PlatformEditor (412)
[2017.05.03-09.58.21:220][893]LogModuleManager: Shutting down and abandoning module AndroidPlatformEditor (410)
[2017.05.03-09.58.21:220][893]LogModuleManager: Shutting down and abandoning module AndroidDeviceDetection (409)
[2017.05.03-09.58.21:230][893]LogModuleManager: Shutting down and abandoning module IOSRuntimeSettings (406)
[2017.05.03-09.58.21:230][893]LogModuleManager: Shutting down and abandoning module AndroidRuntimeSettings (404)
[2017.05.03-09.58.21:230][893]LogModuleManager: Shutting down and abandoning module InputBindingEditor (402)
[2017.05.03-09.58.21:230][893]LogModuleManager: Shutting down and abandoning module NiagaraEditor (400)
[2017.05.03-09.58.21:230][893]LogModuleManager: Shutting down and abandoning module MergeActors (398)
[2017.05.03-09.58.21:230][893]LogModuleManager: Shutting down and abandoning module SizeMap (396)
[2017.05.03-09.58.21:230][893]LogModuleManager: Shutting down and abandoning module TreeMap (394)
[2017.05.03-09.58.21:230][893]LogModuleManager: Shutting down and abandoning module ReferenceViewer (392)
[2017.05.03-09.58.21:230][893]LogModuleManager: Shutting down and abandoning module LocalizationDashboard (390)
[2017.05.03-09.58.21:230][893]LogModuleManager: Shutting down and abandoning module LocalizationService (389)
[2017.05.03-09.58.21:230][893]LogModuleManager: Shutting down and abandoning module HardwareTargeting (386)
[2017.05.03-09.58.21:230][893]LogModuleManager: Shutting down and abandoning module DeviceProfileEditor (384)
[2017.05.03-09.58.21:230][893]LogModuleManager: Shutting down and abandoning module UndoHistory (382)
[2017.05.03-09.58.21:231][893]LogModuleManager: Shutting down and abandoning module UserFeedback (380)
[2017.05.03-09.58.21:231][893]LogModuleManager: Shutting down and abandoning module XmlParser (378)
[2017.05.03-09.58.21:231][893]LogModuleManager: Shutting down and abandoning module Blutility (376)
[2017.05.03-09.58.21:231][893]LogModuleManager: Shutting down and abandoning module ProjectSettingsViewer (374)
[2017.05.03-09.58.21:231][893]LogModuleManager: Shutting down and abandoning module ProjectTargetPlatformEditor (373)
[2017.05.03-09.58.21:231][893]LogModuleManager: Shutting down and abandoning module EditorSettingsViewer (370)
[2017.05.03-09.58.21:231][893]LogModuleManager: Shutting down and abandoning module SettingsEditor (368)
[2017.05.03-09.58.21:231][893]LogModuleManager: Shutting down and abandoning module ProjectLauncher (366)
[2017.05.03-09.58.21:231][893]LogModuleManager: Shutting down and abandoning module SessionFrontend (364)
[2017.05.03-09.58.21:231][893]LogModuleManager: Shutting down and abandoning module ProfilerClient (362)
[2017.05.03-09.58.21:231][893]LogModuleManager: Shutting down and abandoning module DeviceManager (360)
[2017.05.03-09.58.21:231][893]LogModuleManager: Shutting down and abandoning module TargetDeviceServices (359)
[2017.05.03-09.58.21:282][893]LogModuleManager: Shutting down and abandoning module AutomationController (356)
[2017.05.03-09.58.21:282][893]LogModuleManager: Shutting down and abandoning module AutomationWindow (354)
[2017.05.03-09.58.21:282][893]LogModuleManager: Shutting down and abandoning module Layers (352)
[2017.05.03-09.58.21:282][893]LogModuleManager: Shutting down and abandoning module ComponentVisualizers (350)
[2017.05.03-09.58.21:282][893]LogModuleManager: Shutting down and abandoning module DetailCustomizations (348)
[2017.05.03-09.58.21:282][893]LogModuleManager: Shutting down and abandoning module PackagesDialog (346)
[2017.05.03-09.58.21:282][893]LogModuleManager: Shutting down and abandoning module Persona (344)
[2017.05.03-09.58.21:282][893]LogModuleManager: Shutting down and abandoning module AnimGraph (343)
[2017.05.03-09.58.21:282][893]LogModuleManager: Shutting down and abandoning module Kismet (340)
[2017.05.03-09.58.21:283][893]LogModuleManager: Shutting down and abandoning module GraphEditor (338)
[2017.05.03-09.58.21:283][893]LogModuleManager: Shutting down and abandoning module ClassViewer (336)
[2017.05.03-09.58.21:283][893]LogModuleManager: Shutting down and abandoning module Toolbox (334)
[2017.05.03-09.58.21:283][893]LogModuleManager: Shutting down and abandoning module ModuleUI (332)
[2017.05.03-09.58.21:283][893]LogModuleManager: Shutting down and abandoning module MovieSceneTools (330)
[2017.05.03-09.58.21:283][893]LogModuleManager: Shutting down and abandoning module OutputLog (328)
[2017.05.03-09.58.21:283][893]LogModuleManager: Shutting down and abandoning module GammaUI (326)
[2017.05.03-09.58.21:283][893]LogModuleManager: Shutting down and abandoning module Documentation (324)
[2017.05.03-09.58.21:283][893]LogModuleManager: Shutting down and abandoning module Niagara (322)
[2017.05.03-09.58.21:283][893]LogModuleManager: Shutting down and abandoning module StreamingPauseRendering (320)
[2017.05.03-09.58.21:283][893]LogModuleManager: Shutting down and abandoning module AnalyticsET (318)
[2017.05.03-09.58.21:283][893]LogModuleManager: Shutting down and abandoning module PortalServices (316)
[2017.05.03-09.58.21:283][893]LogModuleManager: Shutting down and abandoning module PortalRpc (314)
[2017.05.03-09.58.21:283][893]LogModuleManager: Shutting down and abandoning module MessagingRpc (312)
[2017.05.03-09.58.21:283][893]LogModuleManager: Shutting down and abandoning module AIModule (310)
[2017.05.03-09.58.21:283][893]LogModuleManager: Shutting down and abandoning module GameplayDebugger (309)
[2017.05.03-09.58.21:283][893]LogModuleManager: Shutting down and abandoning module AITestSuite (307)
[2017.05.03-09.58.21:283][893]LogModuleManager: Shutting down and abandoning module ProfilerService (304)
[2017.05.03-09.58.21:306][893]LogModuleManager: Shutting down and abandoning module TaskGraph (302)
[2017.05.03-09.58.21:306][893]LogModuleManager: Shutting down and abandoning module SteamVRController (300)
[2017.05.03-09.58.21:306][893]LogModuleManager: Shutting down and abandoning module SteamVR (298)
[2017.05.03-09.58.21:306][893]LogModuleManager: Shutting down and abandoning module ProceduralMeshComponentEditor (296)
[2017.05.03-09.58.21:306][893]LogModuleManager: Shutting down and abandoning module ProceduralMeshComponent (294)
[2017.05.03-09.58.21:306][893]LogModuleManager: Shutting down and abandoning module OculusLibrary (292)
[2017.05.03-09.58.21:306][893]LogModuleManager: Shutting down and abandoning module OculusInput (290)
[2017.05.03-09.58.21:306][893]LogModuleManager: Shutting down and abandoning module MobilePatchingUtils (288)
[2017.05.03-09.58.21:306][893]LogModuleManager: Shutting down and abandoning module CustomMeshComponent (286)
[2017.05.03-09.58.21:306][893]LogModuleManager: Shutting down and abandoning module CableComponent (284)
[2017.05.03-09.58.21:306][893]LogModuleManager: Shutting down and abandoning module ArchVisCharacter (282)
[2017.05.03-09.58.21:306][893]LogModuleManager: Shutting down and abandoning module MediaPlayerEditor (278)
[2017.05.03-09.58.21:306][893]LogModuleManager: Shutting down and abandoning module HTML5Networking (276)
[2017.05.03-09.58.21:306][893]LogModuleManager: Shutting down and abandoning module AlembicImporter (274)
[2017.05.03-09.58.21:306][893]LogModuleManager: Shutting down and abandoning module AlembicLibrary (273)
[2017.05.03-09.58.21:306][893]LogModuleManager: Shutting down and abandoning module GeometryCache (272)
[2017.05.03-09.58.21:306][893]LogModuleManager: Shutting down and abandoning module GeometryCacheEd (271)
[2017.05.03-09.58.21:306][893]LogModuleManager: Shutting down and abandoning module SuperSearchEditor (266)
[2017.05.03-09.58.21:306][893]LogModuleManager: Shutting down and abandoning module SuperSearch (265)
[2017.05.03-09.58.21:306][893]LogModuleManager: Shutting down and abandoning module SpeedTreeImporter (262)
[2017.05.03-09.58.21:306][893]LogModuleManager: Shutting down and abandoning module PluginBrowser (260)
[2017.05.03-09.58.21:306][893]LogModuleManager: Shutting down and abandoning module MobileLauncherProfileWizard (258)
[2017.05.03-09.58.21:306][893]LogModuleManager: Shutting down and abandoning module EpicSurvey (256)
[2017.05.03-09.58.21:306][893]LogModuleManager: Shutting down and abandoning module VisualStudioSourceCodeAccess (254)
[2017.05.03-09.58.21:306][893]LogModuleManager: Shutting down and abandoning module DesktopPlatform (253)
[2017.05.03-09.58.21:306][893]LogModuleManager: Shutting down and abandoning module UObjectPlugin (250)
[2017.05.03-09.58.21:306][893]LogModuleManager: Shutting down and abandoning module SubversionSourceControl (248)
[2017.05.03-09.58.21:306][893]LogModuleManager: Shutting down and abandoning module PerforceSourceControl (246)
[2017.05.03-09.58.21:306][893]LogModuleManager: Shutting down and abandoning module GitSourceControl (244)
[2017.05.03-09.58.21:306][893]LogModuleManager: Shutting down and abandoning module SourceControl (243)
[2017.05.03-09.58.21:306][893]LogModuleManager: Shutting down and abandoning module LightPropagationVolumeEditor (240)
[2017.05.03-09.58.21:306][893]LogModuleManager: Shutting down and abandoning module PaperTiledImporter (238)
[2017.05.03-09.58.21:306][893]LogModuleManager: Shutting down and abandoning module PaperSpriteSheetImporter (236)
[2017.05.03-09.58.21:306][893]LogModuleManager: Shutting down and abandoning module Paper2DEditor (234)
[2017.05.03-09.58.21:306][893]LogModuleManager: Shutting down and abandoning module MeshPaint (233)
[2017.05.03-09.58.21:306][893]LogModuleManager: Shutting down and abandoning module LevelEditor (231)
[2017.05.03-09.58.21:307][893]LogModuleManager: Shutting down and abandoning module PixelInspectorModule (230)
[2017.05.03-09.58.21:307][893]LogModuleManager: Shutting down and abandoning module MainFrame (228)
[2017.05.03-09.58.21:307][893]LogModuleManager: Shutting down and abandoning module HotReload (227)
[2017.05.03-09.58.21:307][893]LogModuleManager: Shutting down and abandoning module ContentBrowser (223)
[2017.05.03-09.58.21:308][893]LogModuleManager: Shutting down and abandoning module PhysXVehiclesEditor (220)
[2017.05.03-09.58.21:308][893]LogModuleManager: Shutting down and abandoning module PhysXVehicles (218)
[2017.05.03-09.58.21:308][893]LogModuleManager: Shutting down and abandoning module LocationServicesBPLibrary (216)
[2017.05.03-09.58.21:308][893]LogModuleManager: Shutting down and abandoning module UdpMessaging (214)
[2017.05.03-09.58.21:408][893]LogModuleManager: Shutting down and abandoning module TcpMessaging (212)
[2017.05.03-09.58.21:961][893]LogModuleManager: Shutting down and abandoning module GameplayTagsEditor (210)
[2017.05.03-09.58.21:961][893]LogModuleManager: Shutting down and abandoning module FacialAnimationEditor (208)
[2017.05.03-09.58.21:961][893]LogModuleManager: Shutting down and abandoning module FacialAnimation (206)
[2017.05.03-09.58.21:961][893]LogModuleManager: Shutting down and abandoning module LightPropagationVolumeRuntime (204)
[2017.05.03-09.58.21:961][893]LogModuleManager: Shutting down and abandoning module Paper2D (202)
[2017.05.03-09.58.21:961][893]LogModuleManager: Shutting down and abandoning module WindowsMoviePlayer (200)
[2017.05.03-09.58.21:961][893]LogModuleManager: Shutting down and abandoning module WmfMedia (198)
[2017.05.03-09.58.21:961][893]LogModuleManager: Shutting down and abandoning module MfMedia (196)
[2017.05.03-09.58.21:961][893]LogModuleManager: Shutting down and abandoning module MediaAssets (194)
[2017.05.03-09.58.21:961][893]LogModuleManager: Shutting down and abandoning module GameLiveStreaming (192)
[2017.05.03-09.58.21:961][893]LogModuleManager: Shutting down and abandoning module VREditor (190)
[2017.05.03-09.58.21:961][893]LogModuleManager: Shutting down and abandoning module GameplayTasksEditor (188)
[2017.05.03-09.58.21:961][893]LogModuleManager: Shutting down and abandoning module BehaviorTreeEditor (186)
[2017.05.03-09.58.21:961][893]LogModuleManager: Shutting down and abandoning module FunctionalTesting (184)
[2017.05.03-09.58.21:961][893]LogModuleManager: Shutting down and abandoning module CollisionAnalyzer (182)
[2017.05.03-09.58.21:961][893]LogModuleManager: Shutting down and abandoning module UMG (180)
[2017.05.03-09.58.21:961][893]LogModuleManager: Shutting down and abandoning module UMGEditor (179)
[2017.05.03-09.58.21:961][893]LogModuleManager: Shutting down and abandoning module Sequencer (178)
[2017.05.03-09.58.21:961][893]LogModuleManager: Shutting down and abandoning module AssetTools (176)
[2017.05.03-09.58.21:961][893]LogModuleManager: Shutting down and abandoning module MessageLog (175)
[2017.05.03-09.58.21:961][893]LogModuleManager: Shutting down and abandoning module WorkspaceMenuStructure (174)
[2017.05.03-09.58.21:961][893]LogModuleManager: Shutting down and abandoning module SlateReflector (168)
[2017.05.03-09.58.21:961][893]LogModuleManager: Shutting down and abandoning module Slate (166)
[2017.05.03-09.58.21:961][893]LogModuleManager: Shutting down and abandoning module EditorStyle (164)
[2017.05.03-09.58.21:963][893]LogModuleManager: Shutting down and abandoning module SourceCodeAccess (162)
[2017.05.03-09.58.21:963][893]LogModuleManager: Shutting down and abandoning module HeadMountedDisplay (160)
[2017.05.03-09.58.21:963][893]LogModuleManager: Shutting down and abandoning module XAudio2 (158)
[2017.05.03-09.58.21:963][893]LogModuleManager: Shutting down and abandoning module Networking (156)
[2017.05.03-09.58.21:963][893]LogModuleManager: Shutting down and abandoning module Core (152)
[2017.05.03-09.58.21:963][893]LogModuleManager: Shutting down and abandoning module AssetRegistry (150)
[2017.05.03-09.58.22:063][893]LogDirectoryWatcher: A directory notification for '../../../Engine/Content/' was aborted.
[2017.05.03-09.58.22:063][893]LogDirectoryWatcher: A directory notification for 'F:/UbisoftGithub/second-semester-dm-group-5/ubisoft/Content/' was aborted.
[2017.05.03-09.58.22:063][893]LogDirectoryWatcher: A directory notification for '../../../Engine/Plugins/2D/Paper2D/Content/' was aborted.
[2017.05.03-09.58.22:064][893]LogModuleManager: Shutting down and abandoning module DirectoryWatcher (149)
[2017.05.03-09.58.22:064][893]LogModuleManager: Shutting down and abandoning module KismetCompiler (146)
[2017.05.03-09.58.22:064][893]LogModuleManager: Shutting down and abandoning module PhysXFormats (144)
[2017.05.03-09.58.22:064][893]LogModuleManager: Shutting down and abandoning module MeshUtilities (142)
[2017.05.03-09.58.22:064][893]LogModuleManager: Shutting down and abandoning module SimplygonSwarm (141)
[2017.05.03-09.58.22:064][893]LogModuleManager: Shutting down and abandoning module SimplygonMeshReduction (139)
[2017.05.03-09.58.22:064][893]LogModuleManager: Shutting down and abandoning module QuadricMeshReduction (137)
[2017.05.03-09.58.22:064][893]LogModuleManager: Shutting down and abandoning module PropertyEditor (135)
[2017.05.03-09.58.22:064][893]LogModuleManager: Shutting down and abandoning module DerivedDataCache (132)
[2017.05.03-09.58.22:161][893]LogDerivedDataCache: Shutdown
[2017.05.03-09.58.22:161][893]LogModuleManager: Shutting down and abandoning module TargetPlatform (130)
[2017.05.03-09.58.22:162][893]LogModuleManager: Shutting down and abandoning module VulkanShaderFormat (129)
[2017.05.03-09.58.22:162][893]LogModuleManager: Shutting down and abandoning module ShaderFormatOpenGL (127)
[2017.05.03-09.58.22:162][893]LogModuleManager: Shutting down and abandoning module ShaderFormatD3D (125)
[2017.05.03-09.58.22:162][893]LogModuleManager: Shutting down and abandoning module MetalShaderFormat (123)
[2017.05.03-09.58.22:162][893]LogModuleManager: Shutting down and abandoning module TextureFormatUncompressed (121)
[2017.05.03-09.58.22:162][893]LogModuleManager: Shutting down and abandoning module TextureFormatPVR (119)
[2017.05.03-09.58.22:162][893]LogModuleManager: Shutting down and abandoning module TextureFormatDXT (117)
[2017.05.03-09.58.22:162][893]LogModuleManager: Shutting down and abandoning module TextureFormatIntelISPCTexComp (115)
[2017.05.03-09.58.22:162][893]LogModuleManager: Shutting down and abandoning module TextureFormatASTC (113)
[2017.05.03-09.58.22:162][893]LogModuleManager: Shutting down and abandoning module ImageWrapper (112)
[2017.05.03-09.58.22:162][893]LogModuleManager: Shutting down and abandoning module TextureFormatAndroid (109)
[2017.05.03-09.58.22:162][893]LogModuleManager: Shutting down and abandoning module AudioFormatOpus (107)
[2017.05.03-09.58.22:162][893]LogModuleManager: Shutting down and abandoning module AudioFormatOgg (105)
[2017.05.03-09.58.22:162][893]LogModuleManager: Shutting down and abandoning module AudioFormatADPCM (103)
[2017.05.03-09.58.22:162][893]LogModuleManager: Shutting down and abandoning module LinuxTargetPlatform (101)
[2017.05.03-09.58.22:162][893]LogModuleManager: Shutting down and abandoning module LinuxServerTargetPlatform (99)
[2017.05.03-09.58.22:162][893]LogModuleManager: Shutting down and abandoning module LinuxNoEditorTargetPlatform (97)
[2017.05.03-09.58.22:162][893]LogModuleManager: Shutting down and abandoning module LinuxClientTargetPlatform (95)
[2017.05.03-09.58.22:162][893]LogModuleManager: Shutting down and abandoning module TVOSTargetPlatform (93)
[2017.05.03-09.58.22:162][893]LogModuleManager: Shutting down and abandoning module Messaging (91)
[2017.05.03-09.58.22:162][893]LogModuleManager: Shutting down and abandoning module IOSTargetPlatform (89)
[2017.05.03-09.58.22:162][893]LogModuleManager: Shutting down and abandoning module HTML5TargetPlatform (87)
[2017.05.03-09.58.22:162][893]LogModuleManager: Shutting down and abandoning module Android_PVRTCTargetPlatform (85)
[2017.05.03-09.58.22:162][893]LogModuleManager: Shutting down and abandoning module Android_MultiTargetPlatform (83)
[2017.05.03-09.58.22:162][893]LogModuleManager: Shutting down and abandoning module Android_ETC2TargetPlatform (81)
[2017.05.03-09.58.22:162][893]LogModuleManager: Shutting down and abandoning module Android_ETC1TargetPlatform (79)
[2017.05.03-09.58.22:162][893]LogModuleManager: Shutting down and abandoning module Android_DXTTargetPlatform (77)
[2017.05.03-09.58.22:162][893]LogModuleManager: Shutting down and abandoning module Android_ATCTargetPlatform (75)
[2017.05.03-09.58.22:162][893]LogModuleManager: Shutting down and abandoning module Android_ASTCTargetPlatform (73)
[2017.05.03-09.58.22:162][893]LogModuleManager: Shutting down and abandoning module AndroidTargetPlatform (71)
[2017.05.03-09.58.22:162][893]LogModuleManager: Shutting down and abandoning module WindowsTargetPlatform (69)
[2017.05.03-09.58.22:162][893]LogModuleManager: Shutting down and abandoning module WindowsServerTargetPlatform (67)
[2017.05.03-09.58.22:162][893]LogModuleManager: Shutting down and abandoning module WindowsNoEditorTargetPlatform (65)
[2017.05.03-09.58.22:162][893]LogModuleManager: Shutting down and abandoning module WindowsClientTargetPlatform (63)
[2017.05.03-09.58.22:162][893]LogModuleManager: Shutting down and abandoning module MacTargetPlatform (61)
[2017.05.03-09.58.22:162][893]LogModuleManager: Shutting down and abandoning module MacServerTargetPlatform (59)
[2017.05.03-09.58.22:162][893]LogModuleManager: Shutting down and abandoning module MacNoEditorTargetPlatform (57)
[2017.05.03-09.58.22:162][893]LogModuleManager: Shutting down and abandoning module MacClientTargetPlatform (55)
[2017.05.03-09.58.22:162][893]LogModuleManager: Shutting down and abandoning module AllDesktopTargetPlatform (53)
[2017.05.03-09.58.22:162][893]LogModuleManager: Shutting down and abandoning module InputCore (50)
[2017.05.03-09.58.22:162][893]LogModuleManager: Shutting down and abandoning module Settings (48)
[2017.05.03-09.58.22:162][893]LogModuleManager: Shutting down and abandoning module OculusRift (46)
[2017.05.03-09.58.22:162][893]LogModuleManager: Shutting down and abandoning module ExampleDeviceProfileSelector (44)
[2017.05.03-09.58.22:162][893]LogModuleManager: Shutting down and abandoning module OnlineBlueprintSupport (42)
[2017.05.03-09.58.22:162][893]LogModuleManager: Shutting down and abandoning module OnlineSubsystem (38)
[2017.05.03-09.58.22:162][893]LogOnline:Display: Unloading online subsystem: NULL
[2017.05.03-09.58.22:162][893]LogModuleManager: Shutting down and abandoning module XMPP (37)
[2017.05.03-09.58.22:162][893]LogModuleManager: Shutting down and abandoning module HTTP (35)
[2017.05.03-09.58.22:162][893]LogHttp:Display: Http module shutting down, but needs to wait on 1 outstanding Http requests:
[2017.05.03-09.58.22:162][893]LogHttp:Display: 	verb=[POST] url=[https://datarouter.ol.epicgames.com/datarouter/api/v1/public/data?SessionID=%7B0546C9B3-428A-C622-0395-FF85609F836A%7D&AppID=UEEditor.Rocket.Release&AppVersion=4.15.0-3299760%2B%2B%2BUE4%2BRelease-4.15&UserID=5edf28014ae0390a1b4797bff05f1921%7C8b0f6ceb4cc344bb9efa4242b4df7970%7Cc5b301d2-5742-4f7b-ae7c-413f17d8ea1a&AppEnvironment=datacollector-binary&UploadType=eteventstream] status=Processing
[2017.05.03-09.58.22:186][893]LogModuleManager: Shutting down and abandoning module SSL (34)
[2017.05.03-09.58.22:187][893]LogModuleManager: Shutting down and abandoning module AudioEditor (30)
[2017.05.03-09.58.22:187][893]LogModuleManager: Shutting down and abandoning module TextureCompressor (28)
[2017.05.03-09.58.22:187][893]LogModuleManager: Shutting down and abandoning module ShaderCore (26)
[2017.05.03-09.58.22:187][893]LogModuleManager: Shutting down and abandoning module Landscape (24)
[2017.05.03-09.58.22:187][893]LogModuleManager: Shutting down and abandoning module SlateRHIRenderer (22)
[2017.05.03-09.58.22:188][893]LogModuleManager: Shutting down and abandoning module OpenGLDrv (20)
[2017.05.03-09.58.22:188][893]LogModuleManager: Shutting down and abandoning module D3D11RHI (18)
[2017.05.03-09.58.22:188][893]LogModuleManager: Shutting down and abandoning module AnimGraphRuntime (16)
[2017.05.03-09.58.22:189][893]LogModuleManager: Shutting down and abandoning module Renderer (14)
[2017.05.03-09.58.22:189][893]LogModuleManager: Shutting down and abandoning module Engine (12)
[2017.05.03-09.58.22:189][893]LogModuleManager: Shutting down and abandoning module CoreUObject (10)
[2017.05.03-09.58.22:189][893]LogModuleManager: Shutting down and abandoning module NetworkFile (8)
[2017.05.03-09.58.22:189][893]LogModuleManager: Shutting down and abandoning module StreamingFile (6)
[2017.05.03-09.58.22:189][893]LogModuleManager: Shutting down and abandoning module SandboxFile (4)
[2017.05.03-09.58.22:189][893]LogModuleManager: Shutting down and abandoning module PakFile (2)
[2017.05.03-09.58.22:192][893]LogExit: Exiting.
[2017.05.03-09.58.22:193][893]Log file closed, 05/03/17 10:58:22
